[INFO   ] [Logger      ] Record log in C:\Users\Gebruiker\.kivy\logs\kivy_22-07-18_46.txt

[INFO   ] [Base        ] Start application main loop
Alarm sounded at: 15:00.1
Alarm sounded at: 30:00.1
Alarm sounded at: 45:00.1
Hourly alarms sounded 6 times at: 18:00:00
Alarm sounded at: 15:00.1
Alarm sounded at: 45:00.1
Hourly alarms sounded 7 times at: 19:00:00
[INFO   ] [Base        ] Leaving application in progress...


=== Missed alarm at 30.00.1, set alarms_callback to 1 /  15 ===


[INFO   ] [Base        ] Start application main loop
Alarm sounded at: 15:00.1
Alarm sounded at: 30:00.1
Alarm sounded at: 45:00.1
Alarm sounded at: 45:00.1
[INFO   ] [Base        ] Leaving application in progress...


=== 
Double alarm at 45:00.1, probably because higher frequency of alarms_callback.
Changing to 1 /  10.01
===


[INFO   ] [Base        ] Start application main loop

